0 info it worked if it ends with ok
1 verbose cli [ 'C:\\Program Files\\nodejs\\node.exe',
1 verbose cli   'C:\\Program Files\\nodejs\\node_modules\\npm\\bin\\npm-cli.js',
1 verbose cli   'run',
1 verbose cli   'start' ]
2 info using npm@3.10.10
3 info using node@v6.11.0
4 verbose run-script [ 'prestart', 'start', 'poststart' ]
5 info lifecycle pwa-starter-kit@0.9.0~prestart: pwa-starter-kit@0.9.0
6 silly lifecycle pwa-starter-kit@0.9.0~prestart: no script for prestart, continuing
7 info lifecycle pwa-starter-kit@0.9.0~start: pwa-starter-kit@0.9.0
8 verbose lifecycle pwa-starter-kit@0.9.0~start: unsafe-perm in lifecycle true
9 verbose lifecycle pwa-starter-kit@0.9.0~start: PATH: C:\Program Files\nodejs\node_modules\npm\bin\node-gyp-bin;V:\Ecomm\pwa-starter-kit-master\node_modules\.bin;V:\Ecomm\pwa-starter-kit-master;V:\Users\manigo\Downloads;C:\Windows\SysWOW64;C:\Program Files (x86)\WinZip\;C:\Program Files (x86)\WinZip;C:\Oracle\product\11.2.0\client_1\bin;C:\Windows\system32;C:\Windows;C:\Windows\System32\Wbem;C:\Windows\System32\WindowsPowerShell\v1.0\;C:\Program Files\Git\cmd;C:\Program Files\TortoiseGit\bin;C:\Program Files\nodejs\;V:\Ecomm\jadnt158;V:\Ecomm\apache-ant-1.9.2\bin;C:\Oracle\product\11.2.0\client_1\bin;C:\Windows\system32;C:\Windows;C:\Windows\System32\Wbem;C:\Windows\System32\WindowsPowerShell\v1.0\;V:\Ecomm\jadnt158;V:\Ecomm\apache-ant-1.9.2\bin;C:\ProgramData\Oracle\Java\javapath;C:\Oracle\product\11.2.0\client_1\bin;C:\Windows\system32;C:\Windows;C:\Windows\System32\Wbem;C:\Windows\System32\WindowsPowerShell\v1.0\;V:\Ecomm\jadnt158;C:\Oracle\product\11.2.0\client_1\bin;C:\Windows\system32;C:\Windows;C:\Windows\System32\Wbem;C:\Windows\System32\WindowsPowerShell\v1.0\;V:\Ecomm\JDK_1_8_0_66\bin;V:\Ecomm\nodejs/node_modules/.bin;bin\SupportTools;bin\SupportTools;bin\SupportTools;V:\Users\manigo\AppData\Roaming\npm;C:\Program Files\VSCode\bin;C:\Program Files\Microsoft VS Code\bin;V:\Users\manigo\AppData\Local\Programs\Git\cmd
10 verbose lifecycle pwa-starter-kit@0.9.0~start: CWD: V:\Ecomm\pwa-starter-kit-master
11 silly lifecycle pwa-starter-kit@0.9.0~start: Args: [ '/d /s /c', 'polymer serve' ]
12 silly lifecycle pwa-starter-kit@0.9.0~start: Returned: code: 1  signal: null
13 info lifecycle pwa-starter-kit@0.9.0~start: Failed to exec start script
14 verbose stack Error: pwa-starter-kit@0.9.0 start: `polymer serve`
14 verbose stack Exit status 1
14 verbose stack     at EventEmitter.<anonymous> (C:\Program Files\nodejs\node_modules\npm\lib\utils\lifecycle.js:255:16)
14 verbose stack     at emitTwo (events.js:106:13)
14 verbose stack     at EventEmitter.emit (events.js:191:7)
14 verbose stack     at ChildProcess.<anonymous> (C:\Program Files\nodejs\node_modules\npm\lib\utils\spawn.js:40:14)
14 verbose stack     at emitTwo (events.js:106:13)
14 verbose stack     at ChildProcess.emit (events.js:191:7)
14 verbose stack     at maybeClose (internal/child_process.js:891:16)
14 verbose stack     at Process.ChildProcess._handle.onexit (internal/child_process.js:226:5)
15 verbose pkgid pwa-starter-kit@0.9.0
16 verbose cwd V:\Ecomm\pwa-starter-kit-master
17 error Windows_NT 6.1.7601
18 error argv "C:\\Program Files\\nodejs\\node.exe" "C:\\Program Files\\nodejs\\node_modules\\npm\\bin\\npm-cli.js" "run" "start"
19 error node v6.11.0
20 error npm  v3.10.10
21 error code ELIFECYCLE
22 error pwa-starter-kit@0.9.0 start: `polymer serve`
22 error Exit status 1
23 error Failed at the pwa-starter-kit@0.9.0 start script 'polymer serve'.
23 error Make sure you have the latest version of node.js and npm installed.
23 error If you do, this is most likely a problem with the pwa-starter-kit package,
23 error not with npm itself.
23 error Tell the author that this fails on your system:
23 error     polymer serve
23 error You can get information on how to open an issue for this project with:
23 error     npm bugs pwa-starter-kit
23 error Or if that isn't available, you can get their info via:
23 error     npm owner ls pwa-starter-kit
23 error There is likely additional logging output above.
24 verbose exit [ 1, true ]
